Using pre-set license
Built from '2021.1/staging' branch; Version is '2021.1.17f1 (03b40fe07a36) revision 242703'; Using compiler version '192528614'; Build Type 'Release'
OS: 'Windows 10 Home Single Language; OS build 19043.1526; Version 2009; 64bit' Language: 'en' Physical Memory: 32728 MB
BatchMode: 1, IsHumanControllingUs: 0, StartBugReporterOnCrash: 0, Is64bit: 1, IsPro: 0

 COMMAND LINE ARGUMENTS:
C:\Program Files\Unity\Hub\Editor\2021.1.17f1\Editor\Unity.exe
-adb2
-batchMode
-noUpm
-name
AssetImportWorker0
-projectPath
X:/Repos/Bounce/Bounce
-logFile
Logs/AssetImportWorker0.log
-srvPort
59830
Successfully changed project path to: X:/Repos/Bounce/Bounce
X:/Repos/Bounce/Bounce
Using Asset Import Pipeline V2.
Refreshing native plugins compatible for Editor in 176.95 ms, found 4 plugins.
Preloading 0 native plugins for Editor in 0.00 ms.
Initialize engine version: 2021.1.17f1 (03b40fe07a36)
[Subsystems] Discovering subsystems at path C:/Program Files/Unity/Hub/Editor/2021.1.17f1/Editor/Data/Resources/UnitySubsystems
[Subsystems] Discovering subsystems at path X:/Repos/Bounce/Bounce/Assets
GfxDevice: creating device client; threaded=0; jobified=0
Direct3D:
    Version:  Direct3D 11.0 [level 11.1]
    Renderer: NVIDIA GeForce GTX 1070 (ID=0x1ba1)
    Vendor:   NVIDIA
    VRAM:     8003 MB
    Driver:   22.21.13.8205
Initialize mono
Mono path[0] = 'C:/Program Files/Unity/Hub/Editor/2021.1.17f1/Editor/Data/Managed'
Mono path[1] = 'C:/Program Files/Unity/Hub/Editor/2021.1.17f1/Editor/Data/MonoBleedingEdge/lib/mono/unityjit'
Mono config path = 'C:/Program Files/Unity/Hub/Editor/2021.1.17f1/Editor/Data/MonoBleedingEdge/etc'
Using monoOptions --debugger-agent=transport=dt_socket,embedding=1,server=y,suspend=n,address=127.0.0.1:56016
Begin MonoManager ReloadAssembly
Registering precompiled unity dll's ...
Register platform support module: C:/Program Files/Unity/Hub/Editor/2021.1.17f1/Editor/Data/PlaybackEngines/WindowsStandaloneSupport/UnityEditor.WindowsStandalone.Extensions.dll
Registered in 0.002791 seconds.
Native extension for WindowsStandalone target not found
Refreshing native plugins compatible for Editor in 172.27 ms, found 4 plugins.
Preloading 0 native plugins for Editor in 0.00 ms.
Mono: successfully reloaded assembly
- Completed reload, in  2.158 seconds
Domain Reload Profiling:
	ReloadAssembly (2159ms)
		BeginReloadAssembly (99ms)
			ExecutionOrderSort (0ms)
			DisableScriptedObjects (0ms)
			BackupInstance (0ms)
			ReleaseScriptingObjects (0ms)
			CreateAndSetChildDomain (1ms)
		EndReloadAssembly (823ms)
			LoadAssemblies (96ms)
			RebuildTransferFunctionScriptingTraits (0ms)
			SetupTypeCache (298ms)
			ReleaseScriptCaches (0ms)
			RebuildScriptCaches (52ms)
			SetupLoadedEditorAssemblies (398ms)
				LogAssemblyErrors (0ms)
				InitializePlatformSupportModulesInManaged (8ms)
				SetLoadedEditorAssemblies (0ms)
				RefreshPlugins (172ms)
				BeforeProcessingInitializeOnLoad (2ms)
				ProcessInitializeOnLoadAttributes (168ms)
				ProcessInitializeOnLoadMethodAttributes (47ms)
				AfterProcessingInitializeOnLoad (0ms)
				EditorAssembliesLoaded (0ms)
			ExecutionOrderSort2 (0ms)
			AwakeInstancesAfterBackupRestoration (0ms)
Platform modules already initialized, skipping
Registering precompiled user dll's ...
Registered in 0.007570 seconds.
Begin MonoManager ReloadAssembly
Symbol file LoadedFromMemory doesn't match image X:\Repos\Bounce\Bounce\Library\PackageCache\com.unity.visualscripting@1.6.1\Editor\VisualScripting.Core\Dependencies\YamlDotNet\Unity.VisualScripting.YamlDotNet.dll
Symbol file LoadedFromMemory doesn't match image X:\Repos\Bounce\Bounce\Library\PackageCache\com.unity.visualscripting@1.6.1\Editor\VisualScripting.Core\Dependencies\DotNetZip\Unity.VisualScripting.IonicZip.dll
Native extension for WindowsStandalone target not found
Refreshing native plugins compatible for Editor in 171.95 ms, found 4 plugins.
Preloading 0 native plugins for Editor in 0.00 ms.
Mono: successfully reloaded assembly
- Completed reload, in  2.362 seconds
Domain Reload Profiling:
	ReloadAssembly (2363ms)
		BeginReloadAssembly (211ms)
			ExecutionOrderSort (0ms)
			DisableScriptedObjects (8ms)
			BackupInstance (0ms)
			ReleaseScriptingObjects (0ms)
			CreateAndSetChildDomain (28ms)
		EndReloadAssembly (2050ms)
			LoadAssemblies (135ms)
			RebuildTransferFunctionScriptingTraits (0ms)
			SetupTypeCache (614ms)
			ReleaseScriptCaches (1ms)
			RebuildScriptCaches (125ms)
			SetupLoadedEditorAssemblies (1001ms)
				LogAssemblyErrors (0ms)
				InitializePlatformSupportModulesInManaged (6ms)
				SetLoadedEditorAssemblies (1ms)
				RefreshPlugins (172ms)
				BeforeProcessingInitializeOnLoad (136ms)
				ProcessInitializeOnLoadAttributes (651ms)
				ProcessInitializeOnLoadMethodAttributes (26ms)
				AfterProcessingInitializeOnLoad (10ms)
				EditorAssembliesLoaded (0ms)
			ExecutionOrderSort2 (0ms)
			AwakeInstancesAfterBackupRestoration (10ms)
Platform modules already initialized, skipping
========================================================================
Worker process is ready to serve import requests
Launched and connected shader compiler UnityShaderCompiler.exe after 0.10 seconds
Refreshing native plugins compatible for Editor in 1.50 ms, found 4 plugins.
Preloading 0 native plugins for Editor in 0.00 ms.
Unloading 4147 Unused Serialized files (Serialized files now loaded: 0)
System memory in use before: 161.6 MB.
System memory in use after: 161.8 MB.

Unloading 34 unused Assets to reduce memory usage. Loaded Objects now: 4615.
Total: 4.498400 ms (FindLiveObjects: 0.365400 ms CreateObjectMapping: 0.309100 ms MarkObjects: 3.785000 ms  DeleteObjects: 0.037400 ms)

AssetImportParameters requested are different than current active one (requested -> active):
  custom:framework-win-MediaFoundation: 216162199b28c13a410421893ffa2e32 -> 
  custom:video-decoder-ogg-theora: a1e56fd34408186e4bbccfd4996cb3dc -> 
  custom:container-muxer-webm: aa71ff27fc2769a1b78a27578f13a17b -> 
  custom:container-demuxer-webm: 4f35f7cbe854078d1ac9338744f61a02 -> 
  custom:container-demuxer-ogg: 62fdf1f143b41e24485cea50d1cbac27 -> 
  custom:video-encoder-webm-vp8: eb34c28f22e8b96e1ab97ce403110664 -> 
  custom:video-codec-MediaFoundation-h265: e54d7ab0439102e2317fc1e4b246158d -> 
  custom:video-decoder-webm-vp8: 9c59270c3fd7afecdb556c50c9e8de78 -> 
  custom:audio-decoder-ogg-vorbis: bf7c407c2cedff20999df2af8eb42d56 -> 
  custom:audio-encoder-webm-vorbis: bf7c407c2cedff20999df2af8eb42d56 -> 
========================================================================
Received Import Request.
  path: Assets/Trials/Misc/Prefabs/Obstacle2.prefab
  artifactKey: Guid(b952b963ba71a7745b90b5d396eb0eac) Importer(815301076,1909f56bfc062723c751e8b465ee728b)
Start importing Assets/Trials/Misc/Prefabs/Obstacle2.prefab using Guid(b952b963ba71a7745b90b5d396eb0eac) Importer(815301076,1909f56bfc062723c751e8b465ee728b)  -> (artifact id: '5ba990b8c33e8fef59df1acd153ee410') in 0.163222 seconds 
========================================================================
Received Import Request.
  Time since last request: 13.964495 seconds.
  path: Assets/Trials/Misc/Prefabs/Obstacle2.prefab
  artifactKey: Guid(b952b963ba71a7745b90b5d396eb0eac) Importer(815301076,1909f56bfc062723c751e8b465ee728b)
Start importing Assets/Trials/Misc/Prefabs/Obstacle2.prefab using Guid(b952b963ba71a7745b90b5d396eb0eac) Importer(815301076,1909f56bfc062723c751e8b465ee728b)  -> (artifact id: '0698b465a3d6a9fffd7d7a5fe6498557') in 0.017761 seconds 
========================================================================
Received Import Request.
  Time since last request: 7.575482 seconds.
  path: Assets/Trials/Misc/Prefabs/Obstacle2.prefab
  artifactKey: Guid(b952b963ba71a7745b90b5d396eb0eac) Importer(815301076,1909f56bfc062723c751e8b465ee728b)
Start importing Assets/Trials/Misc/Prefabs/Obstacle2.prefab using Guid(b952b963ba71a7745b90b5d396eb0eac) Importer(815301076,1909f56bfc062723c751e8b465ee728b)  -> (artifact id: '53be57b00b20807f12dfbe265ce8a1d4') in 0.009607 seconds 
========================================================================
Received Import Request.
  Time since last request: 47.468389 seconds.
  path: Assets/Trials/Misc/Prefabs/Obstacle2.prefab
  artifactKey: Guid(b952b963ba71a7745b90b5d396eb0eac) Importer(815301076,1909f56bfc062723c751e8b465ee728b)
Start importing Assets/Trials/Misc/Prefabs/Obstacle2.prefab using Guid(b952b963ba71a7745b90b5d396eb0eac) Importer(815301076,1909f56bfc062723c751e8b465ee728b)  -> (artifact id: '7a8f1cc10373b8f51d1b8038b9bca25d') in 0.009144 seconds 
========================================================================
Received Import Request.
  Time since last request: 85.093705 seconds.
  path: Assets/Trials/Misc/Prefabs/Obstacle2.prefab
  artifactKey: Guid(b952b963ba71a7745b90b5d396eb0eac) Importer(815301076,1909f56bfc062723c751e8b465ee728b)
Start importing Assets/Trials/Misc/Prefabs/Obstacle2.prefab using Guid(b952b963ba71a7745b90b5d396eb0eac) Importer(815301076,1909f56bfc062723c751e8b465ee728b)  -> (artifact id: '412d89fbf091d4d7a27fceeeaa400e48') in 0.015271 seconds 
========================================================================
Received Import Request.
  Time since last request: 104.354661 seconds.
  path: Assets/Trials/Misc/Sprites/Obstacle1 1.png
  artifactKey: Guid(9f366e615e070ef4ab3c80f200fcd302) Importer(815301076,1909f56bfc062723c751e8b465ee728b)
Start importing Assets/Trials/Misc/Sprites/Obstacle1 1.png using Guid(9f366e615e070ef4ab3c80f200fcd302) Importer(815301076,1909f56bfc062723c751e8b465ee728b)  -> (artifact id: '9a3dd1d4eb1b15ec4cf82ff1d6a5872d') in 0.112772 seconds 
========================================================================
Received Import Request.
  Time since last request: 4.190211 seconds.
  path: Assets/Trials/Misc/Sprites/Obstacle2.png
  artifactKey: Guid(9f366e615e070ef4ab3c80f200fcd302) Importer(815301076,1909f56bfc062723c751e8b465ee728b)
Start importing Assets/Trials/Misc/Sprites/Obstacle2.png using Guid(9f366e615e070ef4ab3c80f200fcd302) Importer(815301076,1909f56bfc062723c751e8b465ee728b)  -> (artifact id: '51ab26b0415eb62e8aa3f4242571e6c7') in 0.021875 seconds 
========================================================================
Received Import Request.
  Time since last request: 84.368906 seconds.
  path: Assets/Trials/Misc/Sprites/Obstacle2.png
  artifactKey: Guid(9f366e615e070ef4ab3c80f200fcd302) Importer(815301076,1909f56bfc062723c751e8b465ee728b)
Start importing Assets/Trials/Misc/Sprites/Obstacle2.png using Guid(9f366e615e070ef4ab3c80f200fcd302) Importer(815301076,1909f56bfc062723c751e8b465ee728b)  -> (artifact id: 'f88744d3e6ab54343303e6b6f6243cb3') in 0.021392 seconds 
========================================================================
Received Import Request.
  Time since last request: 127.771835 seconds.
  path: Assets/Trials/Misc/Sprites/Obstacle2.png
  artifactKey: Guid(9f366e615e070ef4ab3c80f200fcd302) Importer(815301076,1909f56bfc062723c751e8b465ee728b)
Start importing Assets/Trials/Misc/Sprites/Obstacle2.png using Guid(9f366e615e070ef4ab3c80f200fcd302) Importer(815301076,1909f56bfc062723c751e8b465ee728b)  -> (artifact id: 'a67ef9614b4fe8fa30e3877b2e776a14') in 0.019910 seconds 
========================================================================
Received Import Request.
  Time since last request: 0.000317 seconds.
  path: Assets/Trials/Misc/Sprites/Obstacle3.png
  artifactKey: Guid(e485f63191388994cabd0ffe5f4385dd) Importer(815301076,1909f56bfc062723c751e8b465ee728b)
Start importing Assets/Trials/Misc/Sprites/Obstacle3.png using Guid(e485f63191388994cabd0ffe5f4385dd) Importer(815301076,1909f56bfc062723c751e8b465ee728b)  -> (artifact id: 'b8533ab1b8fe5a98d3fbc3c8e5d88ad5') in 0.023912 seconds 
========================================================================
Received Import Request.
  Time since last request: 0.000323 seconds.
  path: Assets/Trials/Misc/Sprites/Obstacle4.png
  artifactKey: Guid(b54ae8348c8fd6743a165e7a007ccf46) Importer(815301076,1909f56bfc062723c751e8b465ee728b)
Start importing Assets/Trials/Misc/Sprites/Obstacle4.png using Guid(b54ae8348c8fd6743a165e7a007ccf46) Importer(815301076,1909f56bfc062723c751e8b465ee728b)  -> (artifact id: 'e7601d9d878b34f95d3d7b5dc2d42147') in 0.018942 seconds 
========================================================================
Received Import Request.
  Time since last request: 33.622206 seconds.
  path: Assets/Trials/Misc/Prefabs/Obstacle2.prefab
  artifactKey: Guid(b952b963ba71a7745b90b5d396eb0eac) Importer(815301076,1909f56bfc062723c751e8b465ee728b)
Start importing Assets/Trials/Misc/Prefabs/Obstacle2.prefab using Guid(b952b963ba71a7745b90b5d396eb0eac) Importer(815301076,1909f56bfc062723c751e8b465ee728b)  -> (artifact id: '40bd1923d1ff06ec288d83f82d2aade6') in 0.011133 seconds 
========================================================================
Received Import Request.
  Time since last request: 0.612614 seconds.
  path: Assets/Trials/Misc/Prefabs/Obstacle2.prefab
  artifactKey: Guid(b952b963ba71a7745b90b5d396eb0eac) Importer(815301076,1909f56bfc062723c751e8b465ee728b)
Start importing Assets/Trials/Misc/Prefabs/Obstacle2.prefab using Guid(b952b963ba71a7745b90b5d396eb0eac) Importer(815301076,1909f56bfc062723c751e8b465ee728b)  -> (artifact id: 'ab553234a8491cd2258c452e2f2b002e') in 0.016684 seconds 
========================================================================
Received Import Request.
  Time since last request: 461.758850 seconds.
  path: Assets/Trials/Misc/Prefabs/BigRing.prefab
  artifactKey: Guid(5322376ec5cd995459dfc72be1c109be) Importer(815301076,1909f56bfc062723c751e8b465ee728b)
Start importing Assets/Trials/Misc/Prefabs/BigRing.prefab using Guid(5322376ec5cd995459dfc72be1c109be) Importer(815301076,1909f56bfc062723c751e8b465ee728b)  -> (artifact id: '6f44f80cd447d94447e8ee872b1d30a5') in 0.022249 seconds 
========================================================================
Received Import Request.
  Time since last request: 2.682320 seconds.
  path: Assets/Trials/Misc/Prefabs/BigRing 1.prefab
  artifactKey: Guid(df1ab8c73929e3743912b13f26ecb60e) Importer(815301076,1909f56bfc062723c751e8b465ee728b)
Start importing Assets/Trials/Misc/Prefabs/BigRing 1.prefab using Guid(df1ab8c73929e3743912b13f26ecb60e) Importer(815301076,1909f56bfc062723c751e8b465ee728b)  -> (artifact id: '777442fb82b237b32f199d4d9a2b086b') in 0.021498 seconds 
========================================================================
Received Import Request.
  Time since last request: 3.440510 seconds.
  path: Assets/Trials/Misc/Prefabs/SmallRing.prefab
  artifactKey: Guid(df1ab8c73929e3743912b13f26ecb60e) Importer(815301076,1909f56bfc062723c751e8b465ee728b)
Start importing Assets/Trials/Misc/Prefabs/SmallRing.prefab using Guid(df1ab8c73929e3743912b13f26ecb60e) Importer(815301076,1909f56bfc062723c751e8b465ee728b)  -> (artifact id: '97bddf6168b36d10c6cc6a67e80372f5') in 0.033509 seconds 
========================================================================
Received Import Request.
  Time since last request: 49.450396 seconds.
  path: Assets/Trials/Misc/Prefabs/BigRing.prefab
  artifactKey: Guid(5322376ec5cd995459dfc72be1c109be) Importer(815301076,1909f56bfc062723c751e8b465ee728b)
Start importing Assets/Trials/Misc/Prefabs/BigRing.prefab using Guid(5322376ec5cd995459dfc72be1c109be) Importer(815301076,1909f56bfc062723c751e8b465ee728b)  -> (artifact id: '997ff6543699c981c444e97b6ede04cb') in 0.025895 seconds 
========================================================================
Received Prepare
Registering precompiled user dll's ...
Registered in 0.007582 seconds.
Begin MonoManager ReloadAssembly
Symbol file LoadedFromMemory doesn't match image X:\Repos\Bounce\Bounce\Library\PackageCache\com.unity.visualscripting@1.6.1\Editor\VisualScripting.Core\Dependencies\YamlDotNet\Unity.VisualScripting.YamlDotNet.dll
Symbol file LoadedFromMemory doesn't match image X:\Repos\Bounce\Bounce\Library\PackageCache\com.unity.visualscripting@1.6.1\Editor\VisualScripting.Core\Dependencies\DotNetZip\Unity.VisualScripting.IonicZip.dll
Native extension for WindowsStandalone target not found
Refreshing native plugins compatible for Editor in 0.88 ms, found 4 plugins.
Preloading 0 native plugins for Editor in 0.00 ms.
Mono: successfully reloaded assembly
- Completed reload, in  1.896 seconds
Domain Reload Profiling:
	ReloadAssembly (1896ms)
		BeginReloadAssembly (173ms)
			ExecutionOrderSort (0ms)
			DisableScriptedObjects (8ms)
			BackupInstance (0ms)
			ReleaseScriptingObjects (0ms)
			CreateAndSetChildDomain (62ms)
		EndReloadAssembly (1638ms)
			LoadAssemblies (131ms)
			RebuildTransferFunctionScriptingTraits (0ms)
			SetupTypeCache (600ms)
			ReleaseScriptCaches (1ms)
			RebuildScriptCaches (96ms)
			SetupLoadedEditorAssemblies (657ms)
				LogAssemblyErrors (0ms)
				InitializePlatformSupportModulesInManaged (7ms)
				SetLoadedEditorAssemblies (1ms)
				RefreshPlugins (1ms)
				BeforeProcessingInitializeOnLoad (96ms)
				ProcessInitializeOnLoadAttributes (524ms)
				ProcessInitializeOnLoadMethodAttributes (16ms)
				AfterProcessingInitializeOnLoad (12ms)
				EditorAssembliesLoaded (0ms)
			ExecutionOrderSort2 (0ms)
			AwakeInstancesAfterBackupRestoration (25ms)
Platform modules already initialized, skipping
Refreshing native plugins compatible for Editor in 0.89 ms, found 4 plugins.
Preloading 0 native plugins for Editor in 0.00 ms.
Unloading 4124 Unused Serialized files (Serialized files now loaded: 0)
System memory in use before: 166.5 MB.
System memory in use after: 166.8 MB.

Unloading 21 unused Assets to reduce memory usage. Loaded Objects now: 4718.
Total: 6.630900 ms (FindLiveObjects: 0.343500 ms CreateObjectMapping: 0.220900 ms MarkObjects: 6.019800 ms  DeleteObjects: 0.045400 ms)

AssetImportParameters requested are different than current active one (requested -> active):
  custom:framework-win-MediaFoundation: 216162199b28c13a410421893ffa2e32 -> 
  custom:video-decoder-ogg-theora: a1e56fd34408186e4bbccfd4996cb3dc -> 
  custom:container-muxer-webm: aa71ff27fc2769a1b78a27578f13a17b -> 
  custom:container-demuxer-webm: 4f35f7cbe854078d1ac9338744f61a02 -> 
  custom:container-demuxer-ogg: 62fdf1f143b41e24485cea50d1cbac27 -> 
  custom:video-encoder-webm-vp8: eb34c28f22e8b96e1ab97ce403110664 -> 
  custom:video-codec-MediaFoundation-h265: e54d7ab0439102e2317fc1e4b246158d -> 
  custom:video-decoder-webm-vp8: 9c59270c3fd7afecdb556c50c9e8de78 -> 
  custom:audio-decoder-ogg-vorbis: bf7c407c2cedff20999df2af8eb42d56 -> 
  custom:audio-encoder-webm-vorbis: bf7c407c2cedff20999df2af8eb42d56 -> 
========================================================================
Received Prepare
Registering precompiled user dll's ...
Registered in 0.007416 seconds.
Begin MonoManager ReloadAssembly
Symbol file LoadedFromMemory doesn't match image X:\Repos\Bounce\Bounce\Library\PackageCache\com.unity.visualscripting@1.6.1\Editor\VisualScripting.Core\Dependencies\YamlDotNet\Unity.VisualScripting.YamlDotNet.dll
Symbol file LoadedFromMemory doesn't match image X:\Repos\Bounce\Bounce\Library\PackageCache\com.unity.visualscripting@1.6.1\Editor\VisualScripting.Core\Dependencies\DotNetZip\Unity.VisualScripting.IonicZip.dll
Native extension for WindowsStandalone target not found
Refreshing native plugins compatible for Editor in 1.11 ms, found 4 plugins.
Preloading 0 native plugins for Editor in 0.00 ms.
Mono: successfully reloaded assembly
- Completed reload, in  2.001 seconds
Domain Reload Profiling:
	ReloadAssembly (2001ms)
		BeginReloadAssembly (195ms)
			ExecutionOrderSort (0ms)
			DisableScriptedObjects (15ms)
			BackupInstance (0ms)
			ReleaseScriptingObjects (0ms)
			CreateAndSetChildDomain (62ms)
		EndReloadAssembly (1715ms)
			LoadAssemblies (166ms)
			RebuildTransferFunctionScriptingTraits (0ms)
			SetupTypeCache (609ms)
			ReleaseScriptCaches (1ms)
			RebuildScriptCaches (79ms)
			SetupLoadedEditorAssemblies (704ms)
				LogAssemblyErrors (0ms)
				InitializePlatformSupportModulesInManaged (8ms)
				SetLoadedEditorAssemblies (1ms)
				RefreshPlugins (1ms)
				BeforeProcessingInitializeOnLoad (101ms)
				ProcessInitializeOnLoadAttributes (571ms)
				ProcessInitializeOnLoadMethodAttributes (13ms)
				AfterProcessingInitializeOnLoad (8ms)
				EditorAssembliesLoaded (0ms)
			ExecutionOrderSort2 (0ms)
			AwakeInstancesAfterBackupRestoration (18ms)
Platform modules already initialized, skipping
Refreshing native plugins compatible for Editor in 1.53 ms, found 4 plugins.
Preloading 0 native plugins for Editor in 0.00 ms.
Unloading 4121 Unused Serialized files (Serialized files now loaded: 0)
System memory in use before: 166.5 MB.
System memory in use after: 166.7 MB.

Unloading 21 unused Assets to reduce memory usage. Loaded Objects now: 4722.
Total: 5.165700 ms (FindLiveObjects: 0.382600 ms CreateObjectMapping: 0.358900 ms MarkObjects: 4.379200 ms  DeleteObjects: 0.043800 ms)

AssetImportParameters requested are different than current active one (requested -> active):
  custom:framework-win-MediaFoundation: 216162199b28c13a410421893ffa2e32 -> 
  custom:video-decoder-ogg-theora: a1e56fd34408186e4bbccfd4996cb3dc -> 
  custom:container-muxer-webm: aa71ff27fc2769a1b78a27578f13a17b -> 
  custom:container-demuxer-webm: 4f35f7cbe854078d1ac9338744f61a02 -> 
  custom:container-demuxer-ogg: 62fdf1f143b41e24485cea50d1cbac27 -> 
  custom:video-encoder-webm-vp8: eb34c28f22e8b96e1ab97ce403110664 -> 
  custom:video-codec-MediaFoundation-h265: e54d7ab0439102e2317fc1e4b246158d -> 
  custom:video-decoder-webm-vp8: 9c59270c3fd7afecdb556c50c9e8de78 -> 
  custom:audio-decoder-ogg-vorbis: bf7c407c2cedff20999df2af8eb42d56 -> 
  custom:audio-encoder-webm-vorbis: bf7c407c2cedff20999df2af8eb42d56 -> 
========================================================================
Received Prepare
Registering precompiled user dll's ...
Registered in 0.005365 seconds.
Begin MonoManager ReloadAssembly
Symbol file LoadedFromMemory doesn't match image X:\Repos\Bounce\Bounce\Library\PackageCache\com.unity.visualscripting@1.6.1\Editor\VisualScripting.Core\Dependencies\YamlDotNet\Unity.VisualScripting.YamlDotNet.dll
Symbol file LoadedFromMemory doesn't match image X:\Repos\Bounce\Bounce\Library\PackageCache\com.unity.visualscripting@1.6.1\Editor\VisualScripting.Core\Dependencies\DotNetZip\Unity.VisualScripting.IonicZip.dll
Native extension for WindowsStandalone target not found
Refreshing native plugins compatible for Editor in 1.00 ms, found 4 plugins.
Preloading 0 native plugins for Editor in 0.00 ms.
Mono: successfully reloaded assembly
- Completed reload, in  2.041 seconds
Domain Reload Profiling:
	ReloadAssembly (2041ms)
		BeginReloadAssembly (198ms)
			ExecutionOrderSort (0ms)
			DisableScriptedObjects (10ms)
			BackupInstance (0ms)
			ReleaseScriptingObjects (0ms)
			CreateAndSetChildDomain (58ms)
		EndReloadAssembly (1748ms)
			LoadAssemblies (170ms)
			RebuildTransferFunctionScriptingTraits (0ms)
			SetupTypeCache (587ms)
			ReleaseScriptCaches (2ms)
			RebuildScriptCaches (87ms)
			SetupLoadedEditorAssemblies (747ms)
				LogAssemblyErrors (0ms)
				InitializePlatformSupportModulesInManaged (7ms)
				SetLoadedEditorAssemblies (1ms)
				RefreshPlugins (1ms)
				BeforeProcessingInitializeOnLoad (115ms)
				ProcessInitializeOnLoadAttributes (599ms)
				ProcessInitializeOnLoadMethodAttributes (15ms)
				AfterProcessingInitializeOnLoad (9ms)
				EditorAssembliesLoaded (0ms)
			ExecutionOrderSort2 (0ms)
			AwakeInstancesAfterBackupRestoration (26ms)
Platform modules already initialized, skipping
Refreshing native plugins compatible for Editor in 1.09 ms, found 4 plugins.
Preloading 0 native plugins for Editor in 0.00 ms.
Unloading 4121 Unused Serialized files (Serialized files now loaded: 0)
System memory in use before: 166.5 MB.
System memory in use after: 166.8 MB.

Unloading 21 unused Assets to reduce memory usage. Loaded Objects now: 4726.
Total: 4.576900 ms (FindLiveObjects: 0.374500 ms CreateObjectMapping: 0.285000 ms MarkObjects: 3.885400 ms  DeleteObjects: 0.030300 ms)

AssetImportParameters requested are different than current active one (requested -> active):
  custom:framework-win-MediaFoundation: 216162199b28c13a410421893ffa2e32 -> 
  custom:video-decoder-ogg-theora: a1e56fd34408186e4bbccfd4996cb3dc -> 
  custom:container-muxer-webm: aa71ff27fc2769a1b78a27578f13a17b -> 
  custom:container-demuxer-webm: 4f35f7cbe854078d1ac9338744f61a02 -> 
  custom:container-demuxer-ogg: 62fdf1f143b41e24485cea50d1cbac27 -> 
  custom:video-encoder-webm-vp8: eb34c28f22e8b96e1ab97ce403110664 -> 
  custom:video-codec-MediaFoundation-h265: e54d7ab0439102e2317fc1e4b246158d -> 
  custom:video-decoder-webm-vp8: 9c59270c3fd7afecdb556c50c9e8de78 -> 
  custom:audio-decoder-ogg-vorbis: bf7c407c2cedff20999df2af8eb42d56 -> 
  custom:audio-encoder-webm-vorbis: bf7c407c2cedff20999df2af8eb42d56 -> 
========================================================================
Received Import Request.
  Time since last request: 952.823644 seconds.
  path: Assets/Scenes/Levels/Level 1.unity
  artifactKey: Guid(4eb9680cd91d2ed488d2c0591f925b72) Importer(815301076,1909f56bfc062723c751e8b465ee728b)
Start importing Assets/Scenes/Levels/Level 1.unity using Guid(4eb9680cd91d2ed488d2c0591f925b72) Importer(815301076,1909f56bfc062723c751e8b465ee728b)  -> (artifact id: 'ed7110c497cc6923ace5636859e67bb2') in 0.620008 seconds 
========================================================================
Received Import Request.
  Time since last request: 4.300575 seconds.
  path: Assets/EndPoint.prefab
  artifactKey: Guid(109ea3df27e85f840a56f633d52e95a7) Importer(815301076,1909f56bfc062723c751e8b465ee728b)
Start importing Assets/EndPoint.prefab using Guid(109ea3df27e85f840a56f633d52e95a7) Importer(815301076,1909f56bfc062723c751e8b465ee728b)  -> (artifact id: 'b313410e40c011ee1c2935fc04eacce5') in 0.082801 seconds 
========================================================================
Received Import Request.
  Time since last request: 12.063735 seconds.
  path: Assets/Scenes/Levels/Level 2.unity
  artifactKey: Guid(8cc7943e92f0de24cbd8e91385a4a7c2) Importer(815301076,1909f56bfc062723c751e8b465ee728b)
Start importing Assets/Scenes/Levels/Level 2.unity using Guid(8cc7943e92f0de24cbd8e91385a4a7c2) Importer(815301076,1909f56bfc062723c751e8b465ee728b)  -> (artifact id: '04c7ee24ffc6d64c00f03b5d76a12359') in 0.010430 seconds 
========================================================================
Received Import Request.
  Time since last request: 27.954862 seconds.
  path: Assets/FinalGame
  artifactKey: Guid(1741552bd395fe8429a05c987cba0e4d) Importer(815301076,1909f56bfc062723c751e8b465ee728b)
Start importing Assets/FinalGame using Guid(1741552bd395fe8429a05c987cba0e4d) Importer(815301076,1909f56bfc062723c751e8b465ee728b)  -> (artifact id: 'b3a80a50005e1c8c3ad5364ef28c2cc3') in 0.009074 seconds 
========================================================================
Received Import Request.
  Time since last request: 6.955089 seconds.
  path: Assets/FinalGame/Prefabs
  artifactKey: Guid(35a4ebd3ac79a464dacfdcad920d3ea1) Importer(815301076,1909f56bfc062723c751e8b465ee728b)
Start importing Assets/FinalGame/Prefabs using Guid(35a4ebd3ac79a464dacfdcad920d3ea1) Importer(815301076,1909f56bfc062723c751e8b465ee728b)  -> (artifact id: 'fff1c479bf45027a7f84213d8be0087f') in 0.009281 seconds 
========================================================================
Received Import Request.
  Time since last request: 38.283736 seconds.
  path: Assets/FinalGame/Scenes
  artifactKey: Guid(40a1491881b3a6849a8a2879b1e24d4f) Importer(815301076,1909f56bfc062723c751e8b465ee728b)
Start importing Assets/FinalGame/Scenes using Guid(40a1491881b3a6849a8a2879b1e24d4f) Importer(815301076,1909f56bfc062723c751e8b465ee728b)  -> (artifact id: '924ec837399a458a3301d738858386a0') in 0.013156 seconds 
========================================================================
Received Import Request.
  Time since last request: 6.770009 seconds.
  path: Assets/Scenes/Levels/Level 1.unity
  artifactKey: Guid(4eb9680cd91d2ed488d2c0591f925b72) Importer(815301076,1909f56bfc062723c751e8b465ee728b)
Start importing Assets/Scenes/Levels/Level 1.unity using Guid(4eb9680cd91d2ed488d2c0591f925b72) Importer(815301076,1909f56bfc062723c751e8b465ee728b)  -> (artifact id: 'b2e4b4cc575b7a92b6be2618b3d5addb') in 0.003116 seconds 
========================================================================
Received Import Request.
  Time since last request: 26.356293 seconds.
  path: Assets/FinalGame/Scenes/Level 3.unity
  artifactKey: Guid(6904f44cb214e3d4a9ee1eeaae39d00e) Importer(815301076,1909f56bfc062723c751e8b465ee728b)
Start importing Assets/FinalGame/Scenes/Level 3.unity using Guid(6904f44cb214e3d4a9ee1eeaae39d00e) Importer(815301076,1909f56bfc062723c751e8b465ee728b)  -> (artifact id: '04990e02ad942b6287536918070214ae') in 0.009902 seconds 
========================================================================
Received Import Request.
  Time since last request: 6.408510 seconds.
  path: Assets/Scenes/Levels/Level 1.unity
  artifactKey: Guid(6904f44cb214e3d4a9ee1eeaae39d00e) Importer(815301076,1909f56bfc062723c751e8b465ee728b)
Start importing Assets/Scenes/Levels/Level 1.unity using Guid(6904f44cb214e3d4a9ee1eeaae39d00e) Importer(815301076,1909f56bfc062723c751e8b465ee728b)  -> (artifact id: 'e991a8b5bbc3bf053a21de806d389fb5') in 0.002326 seconds 
========================================================================
Received Import Request.
  Time since last request: 1.300304 seconds.
  path: Assets/Scenes/Levels/Level 4.unity
  artifactKey: Guid(6501f1f5f9f437544b64e186a0b2f033) Importer(815301076,1909f56bfc062723c751e8b465ee728b)
Start importing Assets/Scenes/Levels/Level 4.unity using Guid(6501f1f5f9f437544b64e186a0b2f033) Importer(815301076,1909f56bfc062723c751e8b465ee728b)  -> (artifact id: 'f63e54e5abe595e16e786cd2985213ff') in 0.009961 seconds 
========================================================================
Received Import Request.
  Time since last request: 3.158671 seconds.
  path: Assets/Scenes/Levels/Level 2.unity
  artifactKey: Guid(6501f1f5f9f437544b64e186a0b2f033) Importer(815301076,1909f56bfc062723c751e8b465ee728b)
Start importing Assets/Scenes/Levels/Level 2.unity using Guid(6501f1f5f9f437544b64e186a0b2f033) Importer(815301076,1909f56bfc062723c751e8b465ee728b)  -> (artifact id: '5f54adfe3a747643d3cc2bf1cddc5d20') in 0.002485 seconds 
========================================================================
Received Import Request.
  Time since last request: 5.181434 seconds.
  path: Assets/FinalGame/Scenes/Level 2.unity
  artifactKey: Guid(8cc7943e92f0de24cbd8e91385a4a7c2) Importer(815301076,1909f56bfc062723c751e8b465ee728b)
Start importing Assets/FinalGame/Scenes/Level 2.unity using Guid(8cc7943e92f0de24cbd8e91385a4a7c2) Importer(815301076,1909f56bfc062723c751e8b465ee728b)  -> (artifact id: '082a1e2dd1e583aa3fd98a9df24f8c7d') in 0.002540 seconds 
========================================================================
Received Import Request.
  Time since last request: 18.884087 seconds.
  path: Assets/Backups
  artifactKey: Guid(ef9cb06b48a5dc746809662b44961b0c) Importer(815301076,1909f56bfc062723c751e8b465ee728b)
Start importing Assets/Backups using Guid(ef9cb06b48a5dc746809662b44961b0c) Importer(815301076,1909f56bfc062723c751e8b465ee728b)  -> (artifact id: 'c34300f29eb5dcbecb4e0e47b2e9da7f') in 0.007416 seconds 
========================================================================
Received Import Request.
  Time since last request: 11.658264 seconds.
  path: Assets/Backups/Scenes
  artifactKey: Guid(473fb96b367e8b849a9c8dd905b2c7af) Importer(815301076,1909f56bfc062723c751e8b465ee728b)
Start importing Assets/Backups/Scenes using Guid(473fb96b367e8b849a9c8dd905b2c7af) Importer(815301076,1909f56bfc062723c751e8b465ee728b)  -> (artifact id: 'f808ed5db67e6fbd01e8e27bc5fc0594') in 0.002884 seconds 
========================================================================
Received Import Request.
  Time since last request: 8.227927 seconds.
  path: Assets/Backups/Scenes/Levels
  artifactKey: Guid(3b83989466d9aa24e871b0a57eda1244) Importer(815301076,1909f56bfc062723c751e8b465ee728b)
Start importing Assets/Backups/Scenes/Levels using Guid(3b83989466d9aa24e871b0a57eda1244) Importer(815301076,1909f56bfc062723c751e8b465ee728b)  -> (artifact id: '8405e435896c169ed549dbf1c2fcc662') in 0.009189 seconds 
========================================================================
Received Import Request.
  Time since last request: 7.801164 seconds.
  path: Assets/Backups/Scenes/UI
  artifactKey: Guid(ff83b17a15517814fad564e0fb5936ef) Importer(815301076,1909f56bfc062723c751e8b465ee728b)
Start importing Assets/Backups/Scenes/UI using Guid(ff83b17a15517814fad564e0fb5936ef) Importer(815301076,1909f56bfc062723c751e8b465ee728b)  -> (artifact id: '493fc7c0a639ca71e779684243922a19') in 0.010427 seconds 
========================================================================
Received Import Request.
  Time since last request: 19.763301 seconds.
  path: Assets/Backups/Scenes/Levels/Levels 1
  artifactKey: Guid(f59e0c76a11891d4b97185e44c53a73e) Importer(815301076,1909f56bfc062723c751e8b465ee728b)
Start importing Assets/Backups/Scenes/Levels/Levels 1 using Guid(f59e0c76a11891d4b97185e44c53a73e) Importer(815301076,1909f56bfc062723c751e8b465ee728b)  -> (artifact id: 'fb2f79d349548630afffd38661ffae7f') in 0.010014 seconds 
========================================================================
Received Import Request.
  Time since last request: 7.231203 seconds.
  path: Assets/Backups/Scenes/Levels/Levels 1/Level 1.unity
  artifactKey: Guid(4e62a9a8493641c42a671b2453bb0d09) Importer(815301076,1909f56bfc062723c751e8b465ee728b)
Start importing Assets/Backups/Scenes/Levels/Levels 1/Level 1.unity using Guid(4e62a9a8493641c42a671b2453bb0d09) Importer(815301076,1909f56bfc062723c751e8b465ee728b)  -> (artifact id: 'b6100f95eeb2596111a2810ce01a3cf5') in 0.002504 seconds 
========================================================================
Received Import Request.
  Time since last request: 35.347145 seconds.
  path: Assets/MapSetup/ExternalAssets
  artifactKey: Guid(6abfcabbc1b18e3409616bb9e185ddec) Importer(815301076,1909f56bfc062723c751e8b465ee728b)
Start importing Assets/MapSetup/ExternalAssets using Guid(6abfcabbc1b18e3409616bb9e185ddec) Importer(815301076,1909f56bfc062723c751e8b465ee728b)  -> (artifact id: '5c38b36ab4b80701b81c5d62e13fcd55') in 0.284730 seconds 
========================================================================
Received Import Request.
  Time since last request: 5.874529 seconds.
  path: Assets/FinalGame/Assets
  artifactKey: Guid(d4727227148abd5429820a198fdd2ed3) Importer(815301076,1909f56bfc062723c751e8b465ee728b)
Start importing Assets/FinalGame/Assets using Guid(d4727227148abd5429820a198fdd2ed3) Importer(815301076,1909f56bfc062723c751e8b465ee728b)  -> (artifact id: '16728ed0dc61e66d604a42f31108d01e') in 0.009508 seconds 
========================================================================
Received Import Request.
  Time since last request: 17.309358 seconds.
  path: Assets/FinalGame/Prefabs/EndPoint
  artifactKey: Guid(7c2bcdc610ad19541bc0f6966577d32b) Importer(815301076,1909f56bfc062723c751e8b465ee728b)
Start importing Assets/FinalGame/Prefabs/EndPoint using Guid(7c2bcdc610ad19541bc0f6966577d32b) Importer(815301076,1909f56bfc062723c751e8b465ee728b)  -> (artifact id: 'e097a26cf0066d0d8652da0dd0ca22cd') in 0.002162 seconds 
========================================================================
Received Import Request.
  Time since last request: 28.808387 seconds.
  path: Assets/Trials/UI/Prefabs/UI.prefab
  artifactKey: Guid(35a741a91b5cd6d4a88ad65067093356) Importer(815301076,1909f56bfc062723c751e8b465ee728b)
Start importing Assets/Trials/UI/Prefabs/UI.prefab using Guid(35a741a91b5cd6d4a88ad65067093356) Importer(815301076,1909f56bfc062723c751e8b465ee728b)  -> (artifact id: '2e9c9b611e4de440d4b8c72e4ef76524') in 0.146044 seconds 
========================================================================
Received Import Request.
  Time since last request: 29.093612 seconds.
  path: Assets/Trials/UI/Scrpts/UIControls.cs
  artifactKey: Guid(6ad98fde9e4960843ac7a176904e2283) Importer(815301076,1909f56bfc062723c751e8b465ee728b)
Start importing Assets/Trials/UI/Scrpts/UIControls.cs using Guid(6ad98fde9e4960843ac7a176904e2283) Importer(815301076,1909f56bfc062723c751e8b465ee728b)  -> (artifact id: '690b4783f74be9024ef6e7c98109cc2e') in 0.024216 seconds 
========================================================================
Received Import Request.
  Time since last request: 2.060026 seconds.
  path: Assets/Trials/UI/Scrpts/UIScript.cs
  artifactKey: Guid(6cb1542ab880f094e9ed76838a0aac0c) Importer(815301076,1909f56bfc062723c751e8b465ee728b)
Start importing Assets/Trials/UI/Scrpts/UIScript.cs using Guid(6cb1542ab880f094e9ed76838a0aac0c) Importer(815301076,1909f56bfc062723c751e8b465ee728b)  -> (artifact id: 'e7c0805c3b87158b41ceee5a850804d4') in 0.007244 seconds 
========================================================================
Received Import Request.
  Time since last request: 4.802188 seconds.
  path: Assets/Trials/UI/Scrpts/GameObjectRetainer.cs
  artifactKey: Guid(8cd924a7445fc974087250aa8f845c4e) Importer(815301076,1909f56bfc062723c751e8b465ee728b)
Start importing Assets/Trials/UI/Scrpts/GameObjectRetainer.cs using Guid(8cd924a7445fc974087250aa8f845c4e) Importer(815301076,1909f56bfc062723c751e8b465ee728b)  -> (artifact id: '395f7e3f2dce3943695f4c163b14b0e8') in 0.041629 seconds 
========================================================================
Received Import Request.
  Time since last request: 39.949349 seconds.
  path: Assets/FinalGame/Prefabs/TileMaps
  artifactKey: Guid(e9763629991301748b63e65dbee8fe92) Importer(815301076,1909f56bfc062723c751e8b465ee728b)
Start importing Assets/FinalGame/Prefabs/TileMaps using Guid(e9763629991301748b63e65dbee8fe92) Importer(815301076,1909f56bfc062723c751e8b465ee728b)  -> (artifact id: '1fb8abaa494fb0fb56e5e0f89d44f883') in 0.009241 seconds 
